[ 30.04.2021 - 02:09:57 ]
    (MSG) [2] in SMILExtract : openSMILE starting!
[ 30.04.2021 - 02:09:57 ]
    (MSG) [2] in SMILExtract : config file is: feature_config1.conf
[ 30.04.2021 - 02:09:57 ]
    (MSG) [2] in cComponentManager : successfully registered 91 component types.
[ 30.04.2021 - 02:09:57 ]
    (WARN) [1] in instance 'functionalsA.reader' : Mismatch in input level buffer sizes (levelconf.nT). Level #1 has size 2 which is smaller than the max. input size of all input levels (100). This might cause the processing to hang unpredictably or cause incomplete processing.
[ 30.04.2021 - 02:09:57 ]
    (WARN) [1] in instance 'functionalsA.reader' : Mismatch in input level buffer sizes (levelconf.nT). Level #2 has size 2 which is smaller than the max. input size of all input levels (100). This might cause the processing to hang unpredictably or cause incomplete processing.
[ 30.04.2021 - 02:09:57 ]
    (WARN) [1] in instance 'functionalsA.reader' : Mismatch in input level buffer sizes (levelconf.nT). Level #4 has size 2 which is smaller than the max. input size of all input levels (100). This might cause the processing to hang unpredictably or cause incomplete processing.
[ 30.04.2021 - 02:09:57 ]
    (WARN) [1] in instance 'functionalsA.reader' : Mismatch in input level buffer sizes (levelconf.nT). Level #5 has size 2 which is smaller than the max. input size of all input levels (100). This might cause the processing to hang unpredictably or cause incomplete processing.
[ 30.04.2021 - 02:09:57 ]
    (MSG) [2] in cComponentManager : successfully finished createInstances
                                 (36 component instances were finalised, 1 data memories were finalised)
[ 30.04.2021 - 02:09:57 ]
    (MSG) [2] in cComponentManager : starting single thread processing loop
[ 30.04.2021 - 02:09:59 ]
    (MSG) [2] in cComponentManager : Processing finished! System ran for 3024 ticks.
